[2026-02-24 10:33:33,958] INFO [GroupCoordinator id=1 topic=__consumer_offsets partition=12] Member consumer-my-group-2-b003260d-460e-4155-929a-6ec94af28e3b in group my-group has failed, removing it from the group. (org.apache.kafka.coordinator.group.GroupMetadataManager)
[2026-02-24 10:33:33,961] INFO [GroupCoordinator id=1 topic=__consumer_offsets partition=49] Member consumer-ack-group-1-4176c7e6-bb3b-4eba-a51c-6f775cf4c31a in group ack-group has failed, removing it from the group. (org.apache.kafka.coordinator.group.GroupMetadataManager)
[2026-02-24 10:33:33,990] INFO [GroupCoordinator id=1 topic=__consumer_offsets partition=49] Preparing to rebalance group ack-group in state PreparingRebalance with old generation 67 (reason: removing member consumer-ack-group-1-4176c7e6-bb3b-4eba-a51c-6f775cf4c31a on heartbeat expiration.). (org.apache.kafka.coordinator.group.GroupMetadataManager)
[2026-02-24 10:33:33,990] INFO [GroupCoordinator id=1 topic=__consumer_offsets partition=12] Preparing to rebalance group my-group in state PreparingRebalance with old generation 69 (reason: removing member consumer-my-group-2-b003260d-460e-4155-929a-6ec94af28e3b on heartbeat expiration.). (org.apache.kafka.coordinator.group.GroupMetadataManager)
[2026-02-24 10:33:34,000] INFO [ReplicaFetcherManager on broker 1] Removed fetcher for partitions Set(__consumer_offsets-13, __consumer_offsets-46, __consumer_offsets-9, __consumer_offsets-42, __consumer_offsets-21, __consumer_offsets-17, __consumer_offsets-30, __consumer_offsets-26, __consumer_offsets-5, __consumer_offsets-38, my-topic-0, __consumer_offsets-1, __consumer_offsets-34, __consumer_offsets-16, __consumer_offsets-45, __consumer_offsets-12, __consumer_offsets-41, __consumer_offsets-24, __consumer_offsets-20, __consumer_offsets-49, __consumer_offsets-0, ack-topic-0, __consumer_offsets-29, __consumer_offsets-25, __consumer_offsets-8, __consumer_offsets-37, __consumer_offsets-4, __consumer_offsets-33, __consumer_offsets-15, __consumer_offsets-48, __consumer_offsets-11, __consumer_offsets-44, __consumer_offsets-23, __consumer_offsets-19, __consumer_offsets-32, __consumer_offsets-28, __consumer_offsets-7, __consumer_offsets-40, __consumer_offsets-3, __consumer_offsets-36, __consumer_offsets-47, __consumer_offsets-14, __consumer_offsets-43, __consumer_offsets-10, __consumer_offsets-22, __consumer_offsets-18, __consumer_offsets-31, __consumer_offsets-27, __consumer_offsets-39, __consumer_offsets-6, __consumer_offsets-35, __consumer_offsets-2) (kafka.server.ReplicaFetcherManager)
[2026-02-24 10:33:34,020] INFO [GroupCoordinator id=1 topic=__consumer_offsets partition=49] Group ack-group with generation 68 is now empty. (org.apache.kafka.coordinator.group.GroupMetadataManager)
[2026-02-24 10:33:34,020] INFO [GroupCoordinator id=1 topic=__consumer_offsets partition=12] Group my-group with generation 70 is now empty. (org.apache.kafka.coordinator.group.GroupMetadataManager)
[2026-02-24 10:33:34,028] INFO [GroupCoordinator id=1 topic=__consumer_offsets partition=49] Dynamic member with unknown member id joins group ack-group in Empty state. Created a new member id consumer-ack-group-1-75a5e636-d59d-4f8a-8ad0-64beda59fcef and requesting the member to rejoin with this id. (org.apache.kafka.coordinator.group.GroupMetadataManager)
[2026-02-24 10:33:34,028] INFO [GroupCoordinator id=1 topic=__consumer_offsets partition=12] Dynamic member with unknown member id joins group my-group in Empty state. Created a new member id consumer-my-group-2-8be1c5ff-7eee-4ad4-87bb-710112b6e880 and requesting the member to rejoin with this id. (org.apache.kafka.coordinator.group.GroupMetadataManager)
[2026-02-24 10:33:34,035] INFO [GroupCoordinator id=1 topic=__consumer_offsets partition=12] Pending dynamic member with id consumer-my-group-2-8be1c5ff-7eee-4ad4-87bb-710112b6e880 joins group my-group in Empty state. Adding to the group now. (org.apache.kafka.coordinator.group.GroupMetadataManager)
[2026-02-24 10:33:34,035] INFO [GroupCoordinator id=1 topic=__consumer_offsets partition=49] Pending dynamic member with id consumer-ack-group-1-75a5e636-d59d-4f8a-8ad0-64beda59fcef joins group ack-group in Empty state. Adding to the group now. (org.apache.kafka.coordinator.group.GroupMetadataManager)
[2026-02-24 10:33:34,039] INFO [GroupCoordinator id=1 topic=__consumer_offsets partition=12] Preparing to rebalance group my-group in state PreparingRebalance with old generation 70 (reason: Adding new member consumer-my-group-2-8be1c5ff-7eee-4ad4-87bb-710112b6e880 with group instance id null; client reason: need to re-join with the given member-id: consumer-my-group-2-8be1c5ff-7eee-4ad4-87bb-710112b6e880). (org.apache.kafka.coordinator.group.GroupMetadataManager)
[2026-02-24 10:33:34,066] INFO [GroupCoordinator id=1 topic=__consumer_offsets partition=49] Preparing to rebalance group ack-group in state PreparingRebalance with old generation 68 (reason: Adding new member consumer-ack-group-1-75a5e636-d59d-4f8a-8ad0-64beda59fcef with group instance id null; client reason: need to re-join with the given member-id: consumer-ack-group-1-75a5e636-d59d-4f8a-8ad0-64beda59fcef). (org.apache.kafka.coordinator.group.GroupMetadataManager)
[2026-02-24 10:33:34,185] INFO [GroupCoordinator id=1] Scheduling loading of metadata from __consumer_offsets-13 with epoch 50 (org.apache.kafka.coordinator.common.runtime.CoordinatorRuntime)
[2026-02-24 10:33:34,185] INFO [GroupCoordinator id=1] Scheduling loading of metadata from __consumer_offsets-46 with epoch 50 (org.apache.kafka.coordinator.common.runtime.CoordinatorRuntime)
[2026-02-24 10:33:34,185] INFO [GroupCoordinator id=1] Scheduling loading of metadata from __consumer_offsets-9 with epoch 50 (org.apache.kafka.coordinator.common.runtime.CoordinatorRuntime)
[2026-02-24 10:33:34,185] INFO [GroupCoordinator id=1] Scheduling loading of metadata from __consumer_offsets-42 with epoch 50 (org.apache.kafka.coordinator.common.runtime.CoordinatorRuntime)
[2026-02-24 10:33:34,185] INFO [GroupCoordinator id=1] Scheduling loading of metadata from __consumer_offsets-21 with epoch 50 (org.apache.kafka.coordinator.common.runtime.CoordinatorRuntime)
[2026-02-24 10:33:34,185] INFO [GroupCoordinator id=1] The coordinator __consumer_offsets-42 is already active. (org.apache.kafka.coordinator.common.runtime.CoordinatorRuntime)
[2026-02-24 10:33:34,185] INFO [GroupCoordinator id=1] Scheduling loading of metadata from __consumer_offsets-17 with epoch 50 (org.apache.kafka.coordinator.common.runtime.CoordinatorRuntime)
[2026-02-24 10:33:34,185] INFO [GroupCoordinator id=1] The coordinator __consumer_offsets-46 is already active. (org.apache.kafka.coordinator.common.runtime.CoordinatorRuntime)
[2026-02-24 10:33:34,185] INFO [GroupCoordinator id=1] The coordinator __consumer_offsets-9 is already active. (org.apache.kafka.coordinator.common.runtime.CoordinatorRuntime)
[2026-02-24 10:33:34,185] INFO [GroupCoordinator id=1] The coordinator __consumer_offsets-13 is already active. (org.apache.kafka.coordinator.common.runtime.CoordinatorRuntime)
[2026-02-24 10:33:34,185] INFO [GroupCoordinator id=1] Scheduling loading of metadata from __consumer_offsets-30 with epoch 50 (org.apache.kafka.coordinator.common.runtime.CoordinatorRuntime)
[2026-02-24 10:33:34,185] INFO [GroupCoordinator id=1] The coordinator __consumer_offsets-21 is already active. (org.apache.kafka.coordinator.common.runtime.CoordinatorRuntime)
[2026-02-24 10:33:34,185] INFO [GroupCoordinator id=1] The coordinator __consumer_offsets-17 is already active. (org.apache.kafka.coordinator.common.runtime.CoordinatorRuntime)
[2026-02-24 10:33:34,185] INFO [GroupCoordinator id=1] The coordinator __consumer_offsets-30 is already active. (org.apache.kafka.coordinator.common.runtime.CoordinatorRuntime)
[2026-02-24 10:33:34,185] INFO [GroupCoordinator id=1] Scheduling loading of metadata from __consumer_offsets-26 with epoch 50 (org.apache.kafka.coordinator.common.runtime.CoordinatorRuntime)
[2026-02-24 10:33:34,185] INFO [GroupCoordinator id=1] Scheduling loading of metadata from __consumer_offsets-5 with epoch 50 (org.apache.kafka.coordinator.common.runtime.CoordinatorRuntime)
[2026-02-24 10:33:34,185] INFO [GroupCoordinator id=1] The coordinator __consumer_offsets-26 is already active. (org.apache.kafka.coordinator.common.runtime.CoordinatorRuntime)
[2026-02-24 10:33:34,185] INFO [GroupCoordinator id=1] Scheduling loading of metadata from __consumer_offsets-38 with epoch 50 (org.apache.kafka.coordinator.common.runtime.CoordinatorRuntime)
[2026-02-24 10:33:34,185] INFO [GroupCoordinator id=1] The coordinator __consumer_offsets-5 is already active. (org.apache.kafka.coordinator.common.runtime.CoordinatorRuntime)
[2026-02-24 10:33:34,185] INFO [GroupCoordinator id=1] The coordinator __consumer_offsets-38 is already active. (org.apache.kafka.coordinator.common.runtime.CoordinatorRuntime)
[2026-02-24 10:33:34,185] INFO [GroupCoordinator id=1] Scheduling loading of metadata from __consumer_offsets-1 with epoch 50 (org.apache.kafka.coordinator.common.runtime.CoordinatorRuntime)
[2026-02-24 10:33:34,185] INFO [GroupCoordinator id=1] Scheduling loading of metadata from __consumer_offsets-34 with epoch 50 (org.apache.kafka.coordinator.common.runtime.CoordinatorRuntime)
[2026-02-24 10:33:34,185] INFO [GroupCoordinator id=1] The coordinator __consumer_offsets-1 is already active. (org.apache.kafka.coordinator.common.runtime.CoordinatorRuntime)
[2026-02-24 10:33:34,185] INFO [GroupCoordinator id=1] The coordinator __consumer_offsets-34 is already active. (org.apache.kafka.coordinator.common.runtime.CoordinatorRuntime)
[2026-02-24 10:33:34,185] INFO [GroupCoordinator id=1] Scheduling loading of metadata from __consumer_offsets-16 with epoch 50 (org.apache.kafka.coordinator.common.runtime.CoordinatorRuntime)
[2026-02-24 10:33:34,185] INFO [GroupCoordinator id=1] Scheduling loading of metadata from __consumer_offsets-45 with epoch 50 (org.apache.kafka.coordinator.common.runtime.CoordinatorRuntime)
[2026-02-24 10:33:34,185] INFO [GroupCoordinator id=1] The coordinator __consumer_offsets-16 is already active. (org.apache.kafka.coordinator.common.runtime.CoordinatorRuntime)
[2026-02-24 10:33:34,185] INFO [GroupCoordinator id=1] The coordinator __consumer_offsets-45 is already active. (org.apache.kafka.coordinator.common.runtime.CoordinatorRuntime)
[2026-02-24 10:33:34,185] INFO [GroupCoordinator id=1] Scheduling loading of metadata from __consumer_offsets-12 with epoch 50 (org.apache.kafka.coordinator.common.runtime.CoordinatorRuntime)
[2026-02-24 10:33:34,185] INFO [GroupCoordinator id=1] Scheduling loading of metadata from __consumer_offsets-41 with epoch 50 (org.apache.kafka.coordinator.common.runtime.CoordinatorRuntime)
[2026-02-24 10:33:34,185] INFO [GroupCoordinator id=1] The coordinator __consumer_offsets-12 is already active. (org.apache.kafka.coordinator.common.runtime.CoordinatorRuntime)
[2026-02-24 10:33:34,185] INFO [GroupCoordinator id=1] The coordinator __consumer_offsets-41 is already active. (org.apache.kafka.coordinator.common.runtime.CoordinatorRuntime)
[2026-02-24 10:33:34,185] INFO [GroupCoordinator id=1] Scheduling loading of metadata from __consumer_offsets-24 with epoch 50 (org.apache.kafka.coordinator.common.runtime.CoordinatorRuntime)
[2026-02-24 10:33:34,185] INFO [GroupCoordinator id=1] Scheduling loading of metadata from __consumer_offsets-20 with epoch 50 (org.apache.kafka.coordinator.common.runtime.CoordinatorRuntime)
[2026-02-24 10:33:34,185] INFO [GroupCoordinator id=1] The coordinator __consumer_offsets-24 is already active. (org.apache.kafka.coordinator.common.runtime.CoordinatorRuntime)
[2026-02-24 10:33:34,185] INFO [GroupCoordinator id=1] The coordinator __consumer_offsets-20 is already active. (org.apache.kafka.coordinator.common.runtime.CoordinatorRuntime)
[2026-02-24 10:33:34,185] INFO [GroupCoordinator id=1] Scheduling loading of metadata from __consumer_offsets-49 with epoch 50 (org.apache.kafka.coordinator.common.runtime.CoordinatorRuntime)
[2026-02-24 10:33:34,185] INFO [GroupCoordinator id=1] Scheduling loading of metadata from __consumer_offsets-0 with epoch 50 (org.apache.kafka.coordinator.common.runtime.CoordinatorRuntime)
[2026-02-24 10:33:34,185] INFO [GroupCoordinator id=1] The coordinator __consumer_offsets-49 is already active. (org.apache.kafka.coordinator.common.runtime.CoordinatorRuntime)
[2026-02-24 10:33:34,185] INFO [GroupCoordinator id=1] The coordinator __consumer_offsets-0 is already active. (org.apache.kafka.coordinator.common.runtime.CoordinatorRuntime)
[2026-02-24 10:33:34,185] INFO [GroupCoordinator id=1] Scheduling loading of metadata from __consumer_offsets-29 with epoch 50 (org.apache.kafka.coordinator.common.runtime.CoordinatorRuntime)
[2026-02-24 10:33:34,185] INFO [GroupCoordinator id=1] Scheduling loading of metadata from __consumer_offsets-25 with epoch 50 (org.apache.kafka.coordinator.common.runtime.CoordinatorRuntime)
[2026-02-24 10:33:34,185] INFO [GroupCoordinator id=1] The coordinator __consumer_offsets-29 is already active. (org.apache.kafka.coordinator.common.runtime.CoordinatorRuntime)
[2026-02-24 10:33:34,185] INFO [GroupCoordinator id=1] The coordinator __consumer_offsets-25 is already active. (org.apache.kafka.coordinator.common.runtime.CoordinatorRuntime)
[2026-02-24 10:33:34,185] INFO [GroupCoordinator id=1] Scheduling loading of metadata from __consumer_offsets-8 with epoch 50 (org.apache.kafka.coordinator.common.runtime.CoordinatorRuntime)
[2026-02-24 10:33:34,185] INFO [GroupCoordinator id=1] Scheduling loading of metadata from __consumer_offsets-37 with epoch 50 (org.apache.kafka.coordinator.common.runtime.CoordinatorRuntime)
[2026-02-24 10:33:34,185] INFO [GroupCoordinator id=1] The coordinator __consumer_offsets-8 is already active. (org.apache.kafka.coordinator.common.runtime.CoordinatorRuntime)
[2026-02-24 10:33:34,185] INFO [GroupCoordinator id=1] The coordinator __consumer_offsets-37 is already active. (org.apache.kafka.coordinator.common.runtime.CoordinatorRuntime)
[2026-02-24 10:33:34,185] INFO [GroupCoordinator id=1] Scheduling loading of metadata from __consumer_offsets-4 with epoch 50 (org.apache.kafka.coordinator.common.runtime.CoordinatorRuntime)
[2026-02-24 10:33:34,185] INFO [GroupCoordinator id=1] Scheduling loading of metadata from __consumer_offsets-33 with epoch 50 (org.apache.kafka.coordinator.common.runtime.CoordinatorRuntime)
[2026-02-24 10:33:34,185] INFO [GroupCoordinator id=1] The coordinator __consumer_offsets-4 is already active. (org.apache.kafka.coordinator.common.runtime.CoordinatorRuntime)
[2026-02-24 10:33:34,185] INFO [GroupCoordinator id=1] Scheduling loading of metadata from __consumer_offsets-15 with epoch 50 (org.apache.kafka.coordinator.common.runtime.CoordinatorRuntime)
[2026-02-24 10:33:34,185] INFO [GroupCoordinator id=1] The coordinator __consumer_offsets-33 is already active. (org.apache.kafka.coordinator.common.runtime.CoordinatorRuntime)
[2026-02-24 10:33:34,201] INFO [GroupCoordinator id=1] The coordinator __consumer_offsets-15 is already active. (org.apache.kafka.coordinator.common.runtime.CoordinatorRuntime)
[2026-02-24 10:33:34,201] INFO [GroupCoordinator id=1] Scheduling loading of metadata from __consumer_offsets-48 with epoch 50 (org.apache.kafka.coordinator.common.runtime.CoordinatorRuntime)
[2026-02-24 10:33:34,201] INFO [GroupCoordinator id=1] Scheduling loading of metadata from __consumer_offsets-11 with epoch 50 (org.apache.kafka.coordinator.common.runtime.CoordinatorRuntime)
[2026-02-24 10:33:34,201] INFO [GroupCoordinator id=1] The coordinator __consumer_offsets-48 is already active. (org.apache.kafka.coordinator.common.runtime.CoordinatorRuntime)
[2026-02-24 10:33:34,201] INFO [GroupCoordinator id=1] Scheduling loading of metadata from __consumer_offsets-44 with epoch 50 (org.apache.kafka.coordinator.common.runtime.CoordinatorRuntime)
[2026-02-24 10:33:34,201] INFO [GroupCoordinator id=1] The coordinator __consumer_offsets-11 is already active. (org.apache.kafka.coordinator.common.runtime.CoordinatorRuntime)
[2026-02-24 10:33:34,201] INFO [GroupCoordinator id=1] The coordinator __consumer_offsets-44 is already active. (org.apache.kafka.coordinator.common.runtime.CoordinatorRuntime)
[2026-02-24 10:33:34,201] INFO [GroupCoordinator id=1] Scheduling loading of metadata from __consumer_offsets-23 with epoch 50 (org.apache.kafka.coordinator.common.runtime.CoordinatorRuntime)
[2026-02-24 10:33:34,201] INFO [GroupCoordinator id=1] Scheduling loading of metadata from __consumer_offsets-19 with epoch 50 (org.apache.kafka.coordinator.common.runtime.CoordinatorRuntime)
[2026-02-24 10:33:34,201] INFO [GroupCoordinator id=1] The coordinator __consumer_offsets-23 is already active. (org.apache.kafka.coordinator.common.runtime.CoordinatorRuntime)
[2026-02-24 10:33:34,201] INFO [GroupCoordinator id=1] The coordinator __consumer_offsets-19 is already active. (org.apache.kafka.coordinator.common.runtime.CoordinatorRuntime)
[2026-02-24 10:33:34,201] INFO [GroupCoordinator id=1] Scheduling loading of metadata from __consumer_offsets-32 with epoch 50 (org.apache.kafka.coordinator.common.runtime.CoordinatorRuntime)
[2026-02-24 10:33:34,201] INFO [GroupCoordinator id=1] Scheduling loading of metadata from __consumer_offsets-28 with epoch 50 (org.apache.kafka.coordinator.common.runtime.CoordinatorRuntime)
[2026-02-24 10:33:34,201] INFO [GroupCoordinator id=1] The coordinator __consumer_offsets-32 is already active. (org.apache.kafka.coordinator.common.runtime.CoordinatorRuntime)
[2026-02-24 10:33:34,201] INFO [GroupCoordinator id=1] The coordinator __consumer_offsets-28 is already active. (org.apache.kafka.coordinator.common.runtime.CoordinatorRuntime)
[2026-02-24 10:33:34,201] INFO [GroupCoordinator id=1] Scheduling loading of metadata from __consumer_offsets-7 with epoch 50 (org.apache.kafka.coordinator.common.runtime.CoordinatorRuntime)
[2026-02-24 10:33:34,201] INFO [GroupCoordinator id=1] Scheduling loading of metadata from __consumer_offsets-40 with epoch 50 (org.apache.kafka.coordinator.common.runtime.CoordinatorRuntime)
[2026-02-24 10:33:34,201] INFO [GroupCoordinator id=1] The coordinator __consumer_offsets-7 is already active. (org.apache.kafka.coordinator.common.runtime.CoordinatorRuntime)
[2026-02-24 10:33:34,201] INFO [GroupCoordinator id=1] The coordinator __consumer_offsets-40 is already active. (org.apache.kafka.coordinator.common.runtime.CoordinatorRuntime)
[2026-02-24 10:33:34,201] INFO [GroupCoordinator id=1] Scheduling loading of metadata from __consumer_offsets-3 with epoch 50 (org.apache.kafka.coordinator.common.runtime.CoordinatorRuntime)
[2026-02-24 10:33:34,201] INFO [GroupCoordinator id=1] Scheduling loading of metadata from __consumer_offsets-36 with epoch 50 (org.apache.kafka.coordinator.common.runtime.CoordinatorRuntime)
[2026-02-24 10:33:34,201] INFO [GroupCoordinator id=1] The coordinator __consumer_offsets-3 is already active. (org.apache.kafka.coordinator.common.runtime.CoordinatorRuntime)
[2026-02-24 10:33:34,201] INFO [GroupCoordinator id=1] Scheduling loading of metadata from __consumer_offsets-47 with epoch 50 (org.apache.kafka.coordinator.common.runtime.CoordinatorRuntime)
[2026-02-24 10:33:34,201] INFO [GroupCoordinator id=1] The coordinator __consumer_offsets-36 is already active. (org.apache.kafka.coordinator.common.runtime.CoordinatorRuntime)
[2026-02-24 10:33:34,201] INFO [GroupCoordinator id=1] The coordinator __consumer_offsets-47 is already active. (org.apache.kafka.coordinator.common.runtime.CoordinatorRuntime)
[2026-02-24 10:33:34,201] INFO [GroupCoordinator id=1] Scheduling loading of metadata from __consumer_offsets-14 with epoch 50 (org.apache.kafka.coordinator.common.runtime.CoordinatorRuntime)
[2026-02-24 10:33:34,201] INFO [GroupCoordinator id=1] Scheduling loading of metadata from __consumer_offsets-43 with epoch 50 (org.apache.kafka.coordinator.common.runtime.CoordinatorRuntime)
[2026-02-24 10:33:34,201] INFO [GroupCoordinator id=1] The coordinator __consumer_offsets-14 is already active. (org.apache.kafka.coordinator.common.runtime.CoordinatorRuntime)
[2026-02-24 10:33:34,201] INFO [GroupCoordinator id=1] The coordinator __consumer_offsets-43 is already active. (org.apache.kafka.coordinator.common.runtime.CoordinatorRuntime)
[2026-02-24 10:33:34,201] INFO [GroupCoordinator id=1] Scheduling loading of metadata from __consumer_offsets-10 with epoch 50 (org.apache.kafka.coordinator.common.runtime.CoordinatorRuntime)
[2026-02-24 10:33:34,201] INFO [GroupCoordinator id=1] Scheduling loading of metadata from __consumer_offsets-22 with epoch 50 (org.apache.kafka.coordinator.common.runtime.CoordinatorRuntime)
[2026-02-24 10:33:34,201] INFO [GroupCoordinator id=1] The coordinator __consumer_offsets-10 is already active. (org.apache.kafka.coordinator.common.runtime.CoordinatorRuntime)
[2026-02-24 10:33:34,201] INFO [GroupCoordinator id=1] The coordinator __consumer_offsets-22 is already active. (org.apache.kafka.coordinator.common.runtime.CoordinatorRuntime)
[2026-02-24 10:33:34,201] INFO [GroupCoordinator id=1] Scheduling loading of metadata from __consumer_offsets-18 with epoch 50 (org.apache.kafka.coordinator.common.runtime.CoordinatorRuntime)
[2026-02-24 10:33:34,201] INFO [GroupCoordinator id=1] Scheduling loading of metadata from __consumer_offsets-31 with epoch 50 (org.apache.kafka.coordinator.common.runtime.CoordinatorRuntime)
[2026-02-24 10:33:34,201] INFO [GroupCoordinator id=1] The coordinator __consumer_offsets-18 is already active. (org.apache.kafka.coordinator.common.runtime.CoordinatorRuntime)
[2026-02-24 10:33:34,201] INFO [GroupCoordinator id=1] The coordinator __consumer_offsets-31 is already active. (org.apache.kafka.coordinator.common.runtime.CoordinatorRuntime)
[2026-02-24 10:33:34,201] INFO [GroupCoordinator id=1] Scheduling loading of metadata from __consumer_offsets-27 with epoch 50 (org.apache.kafka.coordinator.common.runtime.CoordinatorRuntime)
[2026-02-24 10:33:34,201] INFO [GroupCoordinator id=1] Scheduling loading of metadata from __consumer_offsets-39 with epoch 50 (org.apache.kafka.coordinator.common.runtime.CoordinatorRuntime)
[2026-02-24 10:33:34,201] INFO [GroupCoordinator id=1] The coordinator __consumer_offsets-27 is already active. (org.apache.kafka.coordinator.common.runtime.CoordinatorRuntime)
[2026-02-24 10:33:34,201] INFO [GroupCoordinator id=1] The coordinator __consumer_offsets-39 is already active. (org.apache.kafka.coordinator.common.runtime.CoordinatorRuntime)
[2026-02-24 10:33:34,201] INFO [GroupCoordinator id=1] Scheduling loading of metadata from __consumer_offsets-6 with epoch 50 (org.apache.kafka.coordinator.common.runtime.CoordinatorRuntime)
[2026-02-24 10:33:34,201] INFO [GroupCoordinator id=1] Scheduling loading of metadata from __consumer_offsets-35 with epoch 50 (org.apache.kafka.coordinator.common.runtime.CoordinatorRuntime)
[2026-02-24 10:33:34,201] INFO [GroupCoordinator id=1] The coordinator __consumer_offsets-6 is already active. (org.apache.kafka.coordinator.common.runtime.CoordinatorRuntime)
[2026-02-24 10:33:34,201] INFO [GroupCoordinator id=1] The coordinator __consumer_offsets-35 is already active. (org.apache.kafka.coordinator.common.runtime.CoordinatorRuntime)
[2026-02-24 10:33:34,201] INFO [GroupCoordinator id=1] Scheduling loading of metadata from __consumer_offsets-2 with epoch 50 (org.apache.kafka.coordinator.common.runtime.CoordinatorRuntime)
[2026-02-24 10:33:34,201] INFO [GroupCoordinator id=1] The coordinator __consumer_offsets-2 is already active. (org.apache.kafka.coordinator.common.runtime.CoordinatorRuntime)
[2026-02-24 10:33:37,049] INFO [GroupCoordinator id=1 topic=__consumer_offsets partition=12] Stabilized group my-group generation 71 with 1 members. (org.apache.kafka.coordinator.group.GroupMetadataManager)
[2026-02-24 10:33:37,052] INFO [GroupCoordinator id=1 topic=__consumer_offsets partition=12] Assignment received from leader consumer-my-group-2-8be1c5ff-7eee-4ad4-87bb-710112b6e880 for group my-group for generation 71. The group has 1 members, 0 of which are static. (org.apache.kafka.coordinator.group.GroupMetadataManager)
[2026-02-24 10:33:37,073] INFO [GroupCoordinator id=1 topic=__consumer_offsets partition=49] Stabilized group ack-group generation 69 with 1 members. (org.apache.kafka.coordinator.group.GroupMetadataManager)
[2026-02-24 10:33:37,075] INFO [GroupCoordinator id=1 topic=__consumer_offsets partition=49] Assignment received from leader consumer-ack-group-1-75a5e636-d59d-4f8a-8ad0-64beda59fcef for group ack-group for generation 69. The group has 1 members, 0 of which are static. (org.apache.kafka.coordinator.group.GroupMetadataManager)
